Starting the 'Apache2.4' service
The 'Apache2.4' service is running.
ly determine the server's fully qualified domain name, using fe80::f09a:fc02:abd2:8b7c. Set the 'ServerName' directive globally to suppress this message
[Wed Apr 23 19:32:49.015410 2025] [mpm_winnt:notice] [pid 47812:tid 424] AH00455: Apache/2.4.63 (Win64) configured -- resuming normal operations
[Wed Apr 23 19:32:49.016411 2025] [mpm_winnt:notice] [pid 47812:tid 424] AH00456: Apache Lounge VS17 Server built: Feb  3 2025 10:10:51
[Wed Apr 23 19:32:49.016411 2025] [core:notice] [pid 47812:tid 424] AH00094: Command line: 'C:\\Apache24\\bin\\httpd.exe -d C:/Apache24'
[Wed Apr 23 19:32:49.021990 2025] [mpm_winnt:notice] [pid 47812:tid 424] AH00418: Parent: Created child process 43860
AH00558: httpd.exe: Could not reliably determine the server's fully qualified domain name, using fe80::f09a:fc02:abd2:8b7c. Set the 'ServerName' directive globally to suppress this message
AH00558: httpd.exe: Could not reliably determine the server's fully qualified domain name, using fe80::f09a:fc02:abd2:8b7c. Set the 'ServerName' directive globally to suppress this message
[Wed Apr 23 19:32:51.562815 2025] [mpm_winnt:notice] [pid 43860:tid 444] AH00354: Child: Starting 64 worker threads.
AH00558: httpd.exe: Could not reliably determine the server's fully qualified domain name, using fe80::f09a:fc02:abd2:8b7c. Set the 'ServerName' directive globally to suppress this message
[Sun Apr 27 01:11:30.511222 2025] [core:warn] [pid 4248:tid 428] AH00098: pid file C:/Apache24/logs/httpd.pid overwritten -- Unclean shutdown of previous Apache run?
[Sun Apr 27 01:11:30.513229 2025] [mpm_winnt:notice] [pid 4248:tid 428] AH00455: Apache/2.4.63 (Win64) configured -- resuming normal operations
[Sun Apr 27 01:11:30.513229 2025] [mpm_winnt:notice] [pid 4248:tid 428] AH00456: Apache Lounge VS17 Server built: Feb  3 2025 10:10:51
[Sun Apr 27 01:11:30.513229 2025] [core:notice] [pid 4248:tid 428] AH00094: Command line: 'C:\\Apache24\\bin\\httpd.exe -d C:/Apache24'
[Sun Apr 27 01:11:30.515228 2025] [mpm_winnt:notice] [pid 4248:tid 428] AH00418: Parent: Created child process 7244
AH00558: httpd.exe: Could not reliably determine the server's fully qualified domain name, using fe80::f09a:fc02:abd2:8b7c. Set the 'ServerName' directive globally to suppress this message
AH00558: httpd.exe: Could not reliably determine the server's fully qualified domain name, using fe80::f09a:fc02:abd2:8b7c. Set the 'ServerName' directive globally to suppress this message
[Sun Apr 27 01:11:30.921204 2025] [mpm_winnt:notice] [pid 7244:tid 464] AH00354: Child: Starting 64 worker threads.
AH00558: httpd.exe: Could not reliably determine the server's fully qualified domain name, using fe80::f09a:fc02:abd2:8b7c. Set the 'ServerName' directive globally to suppress this message
[Sun Apr 27 07:10:53.715205 2025] [core:warn] [pid 4124:tid 424] AH00098: pid file C:/Apache24/logs/httpd.pid overwritten -- Unclean shutdown of previous Apache run?
[Sun Apr 27 07:10:53.717205 2025] [mpm_winnt:notice] [pid 4124:tid 424] AH00455: Apache/2.4.63 (Win64) configured -- resuming normal operations
[Sun Apr 27 07:10:53.717205 2025] [mpm_winnt:notice] [pid 4124:tid 424] AH00456: Apache Lounge VS17 Server built: Feb  3 2025 10:10:51
[Sun Apr 27 07:10:53.717205 2025] [core:notice] [pid 4124:tid 424] AH00094: Command line: 'C:\\Apache24\\bin\\httpd.exe -d C:/Apache24'
[Sun Apr 27 07:10:53.719204 2025] [mpm_winnt:notice] [pid 4124:tid 424] AH00418: Parent: Created child process 7136
AH00558: httpd.exe: Could not reliably determine the server's fully qualified domain name, using fe80::f09a:fc02:abd2:8b7c. Set the 'ServerName' directive globally to suppress this message
AH00558: httpd.exe: Could not reliably determine the server's fully qualified domain name, using fe80::f09a:fc02:abd2:8b7c. Set the 'ServerName' directive globally to suppress this message
[Sun Apr 27 07:10:54.248394 2025] [mpm_winnt:notice] [pid 7136:tid 484] AH00354: Child: Starting 64 worker threads.
AH00558: httpd.exe: Could not reliably determine the server's fully qualified domain name, using fe80::f09a:fc02:abd2:8b7c. Set the 'ServerName' directive globally to suppress this message
[Tue Apr 29 05:18:15.001361 2025] [core:warn] [pid 4180:tid 424] AH00098: pid file C:/Apache24/logs/httpd.pid overwritten -- Unclean shutdown of previous Apache run?
[Tue Apr 29 05:18:15.003360 2025] [mpm_winnt:notice] [pid 4180:tid 424] AH00455: Apache/2.4.63 (Win64) configured -- resuming normal operations
[Tue Apr 29 05:18:15.003360 2025] [mpm_winnt:notice] [pid 4180:tid 424] AH00456: Apache Lounge VS17 Server built: Feb  3 2025 10:10:51
[Tue Apr 29 05:18:15.003360 2025] [core:notice] [pid 4180:tid 424] AH00094: Command line: 'C:\\Apache24\\bin\\httpd.exe -d C:/Apache24'
[Tue Apr 29 05:18:15.005360 2025] [mpm_winnt:notice] [pid 4180:tid 424] AH00418: Parent: Created child process 7200
AH00558: httpd.exe: Could not reliably determine the server's fully qualified domain name, using fe80::f09a:fc02:abd2:8b7c. Set the 'ServerName' directive globally to suppress this message
AH00558: httpd.exe: Could not reliably determine the server's fully qualified domain name, using fe80::f09a:fc02:abd2:8b7c. Set the 'ServerName' directive globally to suppress this message
[Tue Apr 29 05:18:15.488816 2025] [mpm_winnt:notice] [pid 7200:tid 488] AH00354: Child: Starting 64 worker threads.
AH00558: httpd.exe: Could not reliably determine the server's fully qualified domain name, using fe80::f09a:fc02:abd2:8b7c. Set the 'ServerName' directive globally to suppress this message
[Wed Apr 30 10:17:54.149636 2025] [core:warn] [pid 4116:tid 396] AH00098: pid file C:/Apache24/logs/httpd.pid overwritten -- Unclean shutdown of previous Apache run?
[Wed Apr 30 10:17:54.151636 2025] [mpm_winnt:notice] [pid 4116:tid 396] AH00455: Apache/2.4.63 (Win64) configured -- resuming normal operations
[Wed Apr 30 10:17:54.151636 2025] [mpm_winnt:notice] [pid 4116:tid 396] AH00456: Apache Lounge VS17 Server built: Feb  3 2025 10:10:51
[Wed Apr 30 10:17:54.151636 2025] [core:notice] [pid 4116:tid 396] AH00094: Command line: 'C:\\Apache24\\bin\\httpd.exe -d C:/Apache24'
[Wed Apr 30 10:17:54.152634 2025] [mpm_winnt:notice] [pid 4116:tid 396] AH00418: Parent: Created child process 6432
AH00558: httpd.exe: Could not reliably determine the server's fully qualified domain name, using fe80::f09a:fc02:abd2:8b7c. Set the 'ServerName' directive globally to suppress this message
AH00558: httpd.exe: Could not reliably determine the server's fully qualified domain name, using fe80::f09a:fc02:abd2:8b7c. Set the 'ServerName' directive globally to suppress this message
[Wed Apr 30 10:17:54.697586 2025] [mpm_winnt:notice] [pid 6432:tid 484] AH00354: Child: Starting 64 worker threads.
[Thu May 01 05:08:19.921965 2025] [mpm_winnt:notice] [pid 4116:tid 396] AH00422: Parent: Received shutdown signal -- Shutting down the server.
[Thu May 01 05:08:21.936153 2025] [mpm_winnt:notice] [pid 6432:tid 484] AH00364: Child: All worker threads have exited.
[Thu May 01 05:08:21.963818 2025] [mpm_winnt:notice] [pid 4116:tid 396] AH00430: Parent: Child process 6432 exited successfully.
AH00558: httpd.exe: Could not reliably determine the server's fully qualified domain name, using fe80::f09a:fc02:abd2:8b7c. Set the 'ServerName' directive globally to suppress this message
[Thu May 01 05:08:44.725039 2025] [mpm_winnt:notice] [pid 4108:tid 424] AH00455: Apache/2.4.63 (Win64) configured -- resuming normal operations
[Thu May 01 05:08:44.726039 2025] [mpm_winnt:notice] [pid 4108:tid 424] AH00456: Apache Lounge VS17 Server built: Feb  3 2025 10:10:51
[Thu May 01 05:08:44.726039 2025] [core:notice] [pid 4108:tid 424] AH00094: Command line: 'C:\\Apache24\\bin\\httpd.exe -d C:/Apache24'
[Thu May 01 05:08:44.727040 2025] [mpm_winnt:notice] [pid 4108:tid 424] AH00418: Parent: Created child process 7456
AH00558: httpd.exe: Could not reliably determine the server's fully qualified domain name, using fe80::f09a:fc02:abd2:8b7c. Set the 'ServerName' directive globally to suppress this message
AH00558: httpd.exe: Could not reliably determine the server's fully qualified domain name, using fe80::f09a:fc02:abd2:8b7c. Set the 'ServerName' directive globally to suppress this message
[Thu May 01 05:08:45.222321 2025] [mpm_winnt:notice] [pid 7456:tid 456] AH00354: Child: Starting 64 worker threads.
AH00558: httpd.exe: Could not reliably determine the server's fully qualified domain name, using fe80::f09a:fc02:abd2:8b7c. Set the 'ServerName' directive globally to suppress this message
[Tue May 06 23:16:53.346019 2025] [core:warn] [pid 4208:tid 472] AH00098: pid file C:/Apache24/logs/httpd.pid overwritten -- Unclean shutdown of previous Apache run?
[Tue May 06 23:16:53.348534 2025] [mpm_winnt:notice] [pid 4208:tid 472] AH00455: Apache/2.4.63 (Win64) configured -- resuming normal operations
[Tue May 06 23:16:53.348534 2025] [mpm_winnt:notice] [pid 4208:tid 472] AH00456: Apache Lounge VS17 Server built: Feb  3 2025 10:10:51
[Tue May 06 23:16:53.348534 2025] [core:notice] [pid 4208:tid 472] AH00094: Command line: 'C:\\Apache24\\bin\\httpd.exe -d C:/Apache24'
[Tue May 06 23:16:53.349533 2025] [mpm_winnt:notice] [pid 4208:tid 472] AH00418: Parent: Created child process 7216
AH00558: httpd.exe: Could not reliably determine the server's fully qualified domain name, using fe80::f09a:fc02:abd2:8b7c. Set the 'ServerName' directive globally to suppress this message
AH00558: httpd.exe: Could not reliably determine the server's fully qualified domain name, using fe80::f09a:fc02:abd2:8b7c. Set the 'ServerName' directive globally to suppress this message
[Tue May 06 23:16:53.792834 2025] [mpm_winnt:notice] [pid 7216:tid 440] AH00354: Child: Starting 64 worker threads.
AH00558: httpd.exe: Could not reliably determine the server's fully qualified domain name, using fe80::f09a:fc02:abd2:8b7c. Set the 'ServerName' directive globally to suppress this message
[Wed May 07 12:47:52.650025 2025] [core:warn] [pid 4084:tid 188] AH00098: pid file C:/Apache24/logs/httpd.pid overwritten -- Unclean shutdown of previous Apache run?
[Wed May 07 12:47:52.653026 2025] [mpm_winnt:notice] [pid 4084:tid 188] AH00455: Apache/2.4.63 (Win64) configured -- resuming normal operations
[Wed May 07 12:47:52.653026 2025] [mpm_winnt:notice] [pid 4084:tid 188] AH00456: Apache Lounge VS17 Server built: Feb  3 2025 10:10:51
[Wed May 07 12:47:52.653026 2025] [core:notice] [pid 4084:tid 188] AH00094: Command line: 'C:\\Apache24\\bin\\httpd.exe -d C:/Apache24'
[Wed May 07 12:47:52.654027 2025] [mpm_winnt:notice] [pid 4084:tid 188] AH00418: Parent: Created child process 7220
AH00558: httpd.exe: Could not reliably determine the server's fully qualified domain name, using fe80::f09a:fc02:abd2:8b7c. Set the 'ServerName' directive globally to suppress this message
AH00558: httpd.exe: Could not reliably determine the server's fully qualified domain name, using fe80::f09a:fc02:abd2:8b7c. Set the 'ServerName' directive globally to suppress this message
[Wed May 07 12:47:53.165734 2025] [mpm_winnt:notice] [pid 7220:tid 476] AH00354: Child: Starting 64 worker threads.
AH00558: httpd.exe: Could not reliably determine the server's fully qualified domain name, using fe80::f09a:fc02:abd2:8b7c. Set the 'ServerName' directive globally to suppress this message
[Wed May 07 23:49:55.836111 2025] [core:warn] [pid 4136:tid 424] AH00098: pid file C:/Apache24/logs/httpd.pid overwritten -- Unclean shutdown of previous Apache run?
[Wed May 07 23:49:55.837111 2025] [mpm_winnt:notice] [pid 4136:tid 424] AH00455: Apache/2.4.63 (Win64) configured -- resuming normal operations
[Wed May 07 23:49:55.837111 2025] [mpm_winnt:notice] [pid 4136:tid 424] AH00456: Apache Lounge VS17 Server built: Feb  3 2025 10:10:51
[Wed May 07 23:49:55.837111 2025] [core:notice] [pid 4136:tid 424] AH00094: Command line: 'C:\\Apache24\\bin\\httpd.exe -d C:/Apache24'
[Wed May 07 23:49:55.839111 2025] [mpm_winnt:notice] [pid 4136:tid 424] AH00418: Parent: Created child process 7208
AH00558: httpd.exe: Could not reliably determine the server's fully qualified domain name, using fe80::f09a:fc02:abd2:8b7c. Set the 'ServerName' directive globally to suppress this message
AH00558: httpd.exe: Could not reliably determine the server's fully qualified domain name, using fe80::f09a:fc02:abd2:8b7c. Set the 'ServerName' directive globally to suppress this message
[Wed May 07 23:49:56.425097 2025] [mpm_winnt:notice] [pid 7208:tid 480] AH00354: Child: Starting 64 worker threads.
AH00558: httpd.exe: Could not reliably determine the server's fully qualified domain name, using fe80::f09a:fc02:abd2:8b7c. Set the 'ServerName' directive globally to suppress this message
[Fri May 09 19:30:16.691216 2025] [core:warn] [pid 4172:tid 436] AH00098: pid file C:/Apache24/logs/httpd.pid overwritten -- Unclean shutdown of previous Apache run?
[Fri May 09 19:30:16.694215 2025] [mpm_winnt:notice] [pid 4172:tid 436] AH00455: Apache/2.4.63 (Win64) configured -- resuming normal operations
[Fri May 09 19:30:16.694215 2025] [mpm_winnt:notice] [pid 4172:tid 436] AH00456: Apache Lounge VS17 Server built: Feb  3 2025 10:10:51
[Fri May 09 19:30:16.694215 2025] [core:notice] [pid 4172:tid 436] AH00094: Command line: 'C:\\Apache24\\bin\\httpd.exe -d C:/Apache24'
[Fri May 09 19:30:16.696215 2025] [mpm_winnt:notice] [pid 4172:tid 436] AH00418: Parent: Created child process 1108
AH00558: httpd.exe: Could not reliably determine the server's fully qualified domain name, using fe80::f09a:fc02:abd2:8b7c. Set the 'ServerName' directive globally to suppress this message
AH00558: httpd.exe: Could not reliably determine the server's fully qualified domain name, using fe80::f09a:fc02:abd2:8b7c. Set the 'ServerName' directive globally to suppress this message
[Fri May 09 19:30:17.197948 2025] [mpm_winnt:notice] [pid 1108:tid 456] AH00354: Child: Starting 64 worker threads.
[Wed May 14 00:57:18.396187 2025] [mpm_winnt:notice] [pid 4172:tid 436] AH00422: Parent: Received shutdown signal -- Shutting down the server.
[Wed May 14 00:57:20.419584 2025] [mpm_winnt:notice] [pid 1108:tid 456] AH00364: Child: All worker threads have exited.
[Wed May 14 00:57:20.451440 2025] [mpm_winnt:notice] [pid 4172:tid 436] AH00430: Parent: Child process 1108 exited successfully.
AH00558: httpd.exe: Could not reliably determine the server's fully qualified domain name, using fe80::f09a:fc02:abd2:8b7c. Set the 'ServerName' directive globally to suppress this message
[Wed May 14 00:57:44.134818 2025] [mpm_winnt:notice] [pid 3820:tid 424] AH00455: Apache/2.4.63 (Win64) configured -- resuming normal operations
[Wed May 14 00:57:44.135347 2025] [mpm_winnt:notice] [pid 3820:tid 424] AH00456: Apache Lounge VS17 Server built: Feb  3 2025 10:10:51
[Wed May 14 00:57:44.135347 2025] [core:notice] [pid 3820:tid 424] AH00094: Command line: 'C:\\Apache24\\bin\\httpd.exe -d C:/Apache24'
[Wed May 14 00:57:44.136414 2025] [mpm_winnt:notice] [pid 3820:tid 424] AH00418: Parent: Created child process 7288
AH00558: httpd.exe: Could not reliably determine the server's fully qualified domain name, using fe80::f09a:fc02:abd2:8b7c. Set the 'ServerName' directive globally to suppress this message
AH00558: httpd.exe: Could not reliably determine the server's fully qualified domain name, using fe80::f09a:fc02:abd2:8b7c. Set the 'ServerName' directive globally to suppress this message
[Wed May 14 00:57:44.535997 2025] [mpm_winnt:notice] [pid 7288:tid 448] AH00354: Child: Starting 64 worker threads.
[Wed May 14 00:58:19.665340 2025] [mpm_winnt:notice] [pid 3820:tid 424] AH00422: Parent: Received shutdown signal -- Shutting down the server.
[Wed May 14 00:58:21.694046 2025] [mpm_winnt:notice] [pid 7288:tid 448] AH00364: Child: All worker threads have exited.
[Wed May 14 00:58:21.712184 2025] [mpm_winnt:notice] [pid 3820:tid 424] AH00430: Parent: Child process 7288 exited successfully.
AH00558: httpd.exe: Could not reliably determine the server's fully qualified domain name, using fe80::f09a:fc02:abd2:8b7c. Set the 'ServerName' directive globally to suppress this message
[Wed May 14 00:58:46.585239 2025] [mpm_winnt:notice] [pid 3864:tid 176] AH00455: Apache/2.4.63 (Win64) configured -- resuming normal operations
[Wed May 14 00:58:46.585239 2025] [mpm_winnt:notice] [pid 3864:tid 176] AH00456: Apache Lounge VS17 Server built: Feb  3 2025 10:10:51
[Wed May 14 00:58:46.585239 2025] [core:notice] [pid 3864:tid 176] AH00094: Command line: 'C:\\Apache24\\bin\\httpd.exe -d C:/Apache24'
[Wed May 14 00:58:46.586239 2025] [mpm_winnt:notice] [pid 3864:tid 176] AH00418: Parent: Created child process 3924
AH00558: httpd.exe: Could not reliably determine the server's fully qualified domain name, using fe80::f09a:fc02:abd2:8b7c. Set the 'ServerName' directive globally to suppress this message
AH00558: httpd.exe: Could not reliably determine the server's fully qualified domain name, using fe80::f09a:fc02:abd2:8b7c. Set the 'ServerName' directive globally to suppress this message
[Wed May 14 00:58:47.022612 2025] [mpm_winnt:notice] [pid 3924:tid 448] AH00354: Child: Starting 64 worker threads.
Starting the 'Apache2.4' service
(OS 5)Access is denied.  : AH10012: Failed to open the 'Apache2.4' service
Starting the 'Apache2.4' service
(OS 5)Access is denied.  : AH10012: Failed to open the 'Apache2.4' service
Starting the 'Apache2.4' service
AH00377: The 'Apache2.4' service is already started!
Starting the 'Apache2.4' service
The 'Apache2.4' service is running.
ore:warn] [pid 31496:tid 424] AH00098: pid file C:/Apache24/logs/httpd.pid overwritten -- Unclean shutdown of previous Apache run?
[Sat May 24 21:44:19.276126 2025] [mpm_winnt:notice] [pid 31496:tid 424] AH00455: Apache/2.4.63 (Win64) configured -- resuming normal operations
[Sat May 24 21:44:19.276126 2025] [mpm_winnt:notice] [pid 31496:tid 424] AH00456: Apache Lounge VS17 Server built: Feb  3 2025 10:10:51
[Sat May 24 21:44:19.276126 2025] [core:notice] [pid 31496:tid 424] AH00094: Command line: 'C:\\Apache24\\bin\\httpd.exe -d C:/Apache24'
[Sat May 24 21:44:19.280125 2025] [mpm_winnt:notice] [pid 31496:tid 424] AH00418: Parent: Created child process 23272
[Sat May 24 21:44:19.620509 2025] [mpm_winnt:notice] [pid 23272:tid 472] AH00354: Child: Starting 64 worker threads.
[Sat May 24 22:54:30.380329 2025] [mpm_winnt:notice] [pid 31496:tid 424] AH00422: Parent: Received shutdown signal -- Shutting down the server.
[Sat May 24 22:54:32.407276 2025] [mpm_winnt:notice] [pid 23272:tid 472] AH00364: Child: All worker threads have exited.
[Sat May 24 22:54:32.425349 2025] [mpm_winnt:notice] [pid 31496:tid 424] AH00430: Parent: Child process 23272 exited successfully.
Starting the 'Apache2.4' service
The 'Apache2.4' service is running.
pm_winnt:notice] [pid 28644:tid 460] AH00455: Apache/2.4.63 (Win64) configured -- resuming normal operations
[Sat May 24 22:54:37.001029 2025] [mpm_winnt:notice] [pid 28644:tid 460] AH00456: Apache Lounge VS17 Server built: Feb  3 2025 10:10:51
[Sat May 24 22:54:37.001029 2025] [core:notice] [pid 28644:tid 460] AH00094: Command line: 'C:\\Apache24\\bin\\httpd.exe -d C:/Apache24'
[Sat May 24 22:54:37.005027 2025] [mpm_winnt:notice] [pid 28644:tid 460] AH00418: Parent: Created child process 36400
[Sat May 24 22:54:37.441309 2025] [mpm_winnt:notice] [pid 36400:tid 448] AH00354: Child: Starting 64 worker threads.
[Sun May 25 12:55:27.977274 2025] [mpm_winnt:notice] [pid 28644:tid 460] AH00422: Parent: Received shutdown signal -- Shutting down the server.
[Sun May 25 12:55:29.999178 2025] [mpm_winnt:notice] [pid 36400:tid 448] AH00364: Child: All worker threads have exited.
[Sun May 25 12:55:30.019276 2025] [mpm_winnt:notice] [pid 28644:tid 460] AH00430: Parent: Child process 36400 exited successfully.
Starting the 'Apache2.4' service
The 'Apache2.4' service is running.
pm_winnt:notice] [pid 42768:tid 444] AH00455: Apache/2.4.63 (Win64) configured -- resuming normal operations
[Sun May 25 12:55:34.420825 2025] [mpm_winnt:notice] [pid 42768:tid 444] AH00456: Apache Lounge VS17 Server built: Feb  3 2025 10:10:51
[Sun May 25 12:55:34.420825 2025] [core:notice] [pid 42768:tid 444] AH00094: Command line: 'C:\\Apache24\\bin\\httpd.exe -d C:/Apache24'
[Sun May 25 12:55:34.423855 2025] [mpm_winnt:notice] [pid 42768:tid 444] AH00418: Parent: Created child process 8524
[Sun May 25 12:55:34.756878 2025] [mpm_winnt:notice] [pid 8524:tid 484] AH00354: Child: Starting 64 worker threads.
[Sun May 25 12:59:23.024519 2025] [mpm_winnt:notice] [pid 42768:tid 444] AH00422: Parent: Received shutdown signal -- Shutting down the server.
[Sun May 25 12:59:25.038378 2025] [mpm_winnt:notice] [pid 8524:tid 484] AH00364: Child: All worker threads have exited.
[Sun May 25 12:59:25.061352 2025] [mpm_winnt:notice] [pid 42768:tid 444] AH00430: Parent: Child process 8524 exited successfully.
[Sun May 25 12:59:28.529834 2025] [mpm_winnt:notice] [pid 36052:tid 448] AH00455: Apache/2.4.63 (Win64) configured -- resuming normal operations
[Sun May 25 12:59:28.531832 2025] [mpm_winnt:notice] [pid 36052:tid 448] AH00456: Apache Lounge VS17 Server built: Feb  3 2025 10:10:51
[Sun May 25 12:59:28.531832 2025] [core:notice] [pid 36052:tid 448] AH00094: Command line: 'C:\\Apache24\\bin\\httpd.exe -d C:/Apache24'
[Sun May 25 12:59:28.540385 2025] [mpm_winnt:notice] [pid 36052:tid 448] AH00418: Parent: Created child process 36116
[Sun May 25 12:59:28.978604 2025] [mpm_winnt:notice] [pid 36116:tid 452] AH00354: Child: Starting 64 worker threads.
[Sun May 25 13:02:27.253417 2025] [mpm_winnt:notice] [pid 36052:tid 448] AH00422: Parent: Received shutdown signal -- Shutting down the server.
[Sun May 25 13:02:29.267141 2025] [mpm_winnt:notice] [pid 36116:tid 452] AH00364: Child: All worker threads have exited.
[Sun May 25 13:02:29.289183 2025] [mpm_winnt:notice] [pid 36052:tid 448] AH00430: Parent: Child process 36116 exited successfully.
[Sun May 25 13:02:32.563237 2025] [mpm_winnt:notice] [pid 29380:tid 456] AH00455: Apache/2.4.63 (Win64) configured -- resuming normal operations
[Sun May 25 13:02:32.564237 2025] [mpm_winnt:notice] [pid 29380:tid 456] AH00456: Apache Lounge VS17 Server built: Feb  3 2025 10:10:51
[Sun May 25 13:02:32.564237 2025] [core:notice] [pid 29380:tid 456] AH00094: Command line: 'C:\\Apache24\\bin\\httpd.exe -d C:/Apache24'
[Sun May 25 13:02:32.567237 2025] [mpm_winnt:notice] [pid 29380:tid 456] AH00418: Parent: Created child process 34032
[Sun May 25 13:02:32.998459 2025] [mpm_winnt:notice] [pid 34032:tid 456] AH00354: Child: Starting 64 worker threads.
[Sun May 25 13:04:15.920394 2025] [mpm_winnt:notice] [pid 29380:tid 456] AH00422: Parent: Received shutdown signal -- Shutting down the server.
[Sun May 25 13:04:40.464977 2025] [mpm_winnt:notice] [pid 34032:tid 456] AH00364: Child: All worker threads have exited.
[Sun May 25 13:04:40.483560 2025] [mpm_winnt:notice] [pid 29380:tid 456] AH00430: Parent: Child process 34032 exited successfully.
Starting the 'Apache2.4' service
The 'Apache2.4' service is running.
pm_winnt:notice] [pid 28216:tid 424] AH00455: Apache/2.4.63 (Win64) configured -- resuming normal operations
[Sun May 25 13:04:59.997155 2025] [mpm_winnt:notice] [pid 28216:tid 424] AH00456: Apache Lounge VS17 Server built: Feb  3 2025 10:10:51
[Sun May 25 13:04:59.997155 2025] [core:notice] [pid 28216:tid 424] AH00094: Command line: 'C:\\Apache24\\bin\\httpd.exe -d C:/Apache24'
[Sun May 25 13:05:00.000155 2025] [mpm_winnt:notice] [pid 28216:tid 424] AH00418: Parent: Created child process 39756
[Sun May 25 13:05:00.347026 2025] [mpm_winnt:notice] [pid 39756:tid 468] AH00354: Child: Starting 64 worker threads.
[Sun May 25 14:45:32.927138 2025] [mpm_winnt:notice] [pid 28216:tid 424] AH00422: Parent: Received shutdown signal -- Shutting down the server.
[Sun May 25 14:45:34.942845 2025] [mpm_winnt:notice] [pid 39756:tid 468] AH00364: Child: All worker threads have exited.
[Sun May 25 14:45:34.963796 2025] [mpm_winnt:notice] [pid 28216:tid 424] AH00430: Parent: Child process 39756 exited successfully.
[Sun May 25 14:45:38.523667 2025] [mpm_winnt:notice] [pid 11184:tid 428] AH00455: Apache/2.4.63 (Win64) configured -- resuming normal operations
[Sun May 25 14:45:38.524664 2025] [mpm_winnt:notice] [pid 11184:tid 428] AH00456: Apache Lounge VS17 Server built: Feb  3 2025 10:10:51
[Sun May 25 14:45:38.524664 2025] [core:notice] [pid 11184:tid 428] AH00094: Command line: 'C:\\Apache24\\bin\\httpd.exe -d C:/Apache24'
[Sun May 25 14:45:38.527696 2025] [mpm_winnt:notice] [pid 11184:tid 428] AH00418: Parent: Created child process 39608
[Sun May 25 14:45:38.870465 2025] [mpm_winnt:notice] [pid 39608:tid 464] AH00354: Child: Starting 64 worker threads.
[Sun May 25 14:48:47.343432 2025] [mpm_winnt:notice] [pid 11184:tid 428] AH00422: Parent: Received shutdown signal -- Shutting down the server.
[Sun May 25 14:48:49.369707 2025] [mpm_winnt:notice] [pid 39608:tid 464] AH00364: Child: All worker threads have exited.
[Sun May 25 14:48:49.386910 2025] [mpm_winnt:notice] [pid 11184:tid 428] AH00430: Parent: Child process 39608 exited successfully.
[Sun May 25 14:48:52.518625 2025] [mpm_winnt:notice] [pid 41824:tid 440] AH00455: Apache/2.4.63 (Win64) configured -- resuming normal operations
[Sun May 25 14:48:52.518625 2025] [mpm_winnt:notice] [pid 41824:tid 440] AH00456: Apache Lounge VS17 Server built: Feb  3 2025 10:10:51
[Sun May 25 14:48:52.518625 2025] [core:notice] [pid 41824:tid 440] AH00094: Command line: 'C:\\Apache24\\bin\\httpd.exe -d C:/Apache24'
[Sun May 25 14:48:52.522628 2025] [mpm_winnt:notice] [pid 41824:tid 440] AH00418: Parent: Created child process 36756
[Sun May 25 14:48:52.853024 2025] [mpm_winnt:notice] [pid 36756:tid 440] AH00354: Child: Starting 64 worker threads.
[Sun May 25 15:49:54.465229 2025] [mpm_winnt:notice] [pid 41824:tid 440] AH00422: Parent: Received shutdown signal -- Shutting down the server.
[Sun May 25 15:49:56.493726 2025] [mpm_winnt:notice] [pid 36756:tid 440] AH00364: Child: All worker threads have exited.
[Sun May 25 15:49:56.511273 2025] [mpm_winnt:notice] [pid 41824:tid 440] AH00430: Parent: Child process 36756 exited successfully.
[Sun May 25 15:50:21.775719 2025] [mpm_winnt:notice] [pid 2132:tid 468] AH00455: Apache/2.4.63 (Win64) configured -- resuming normal operations
[Sun May 25 15:50:21.775719 2025] [mpm_winnt:notice] [pid 2132:tid 468] AH00456: Apache Lounge VS17 Server built: Feb  3 2025 10:10:51
[Sun May 25 15:50:21.775719 2025] [core:notice] [pid 2132:tid 468] AH00094: Command line: 'C:\\Apache24\\bin\\httpd.exe -d C:/Apache24'
[Sun May 25 15:50:21.778719 2025] [mpm_winnt:notice] [pid 2132:tid 468] AH00418: Parent: Created child process 7536
[Sun May 25 15:50:22.293165 2025] [mpm_winnt:notice] [pid 7536:tid 512] AH00354: Child: Starting 64 worker threads.
[Sun May 25 16:16:19.565771 2025] [mpm_winnt:notice] [pid 2132:tid 468] AH00422: Parent: Received shutdown signal -- Shutting down the server.
[Sun May 25 16:16:49.567947 2025] [mpm_winnt:notice] [pid 2132:tid 468] AH00431: Parent: Forcing termination of child process 7536
Starting the 'Apache2.4' service
The 'Apache2.4' service is running.
pm_winnt:notice] [pid 1572:tid 440] AH00455: Apache/2.4.63 (Win64) configured -- resuming normal operations
[Sun May 25 16:16:51.132021 2025] [mpm_winnt:notice] [pid 1572:tid 440] AH00456: Apache Lounge VS17 Server built: Feb  3 2025 10:10:51
[Sun May 25 16:16:51.132021 2025] [core:notice] [pid 1572:tid 440] AH00094: Command line: 'C:\\Apache24\\bin\\httpd.exe -d C:/Apache24'
[Sun May 25 16:16:51.135022 2025] [mpm_winnt:notice] [pid 1572:tid 440] AH00418: Parent: Created child process 13136
[Sun May 25 16:16:51.456080 2025] [mpm_winnt:notice] [pid 13136:tid 440] AH00354: Child: Starting 64 worker threads.
[Sun May 25 16:21:30.611425 2025] [mpm_winnt:notice] [pid 1572:tid 440] AH00422: Parent: Received shutdown signal -- Shutting down the server.
[Sun May 25 16:21:32.622568 2025] [mpm_winnt:notice] [pid 13136:tid 440] AH00364: Child: All worker threads have exited.
[Sun May 25 16:21:32.640609 2025] [mpm_winnt:notice] [pid 1572:tid 440] AH00430: Parent: Child process 13136 exited successfully.
[Sun May 25 16:21:36.870794 2025] [proxy_http:emerg] [pid 20816:tid 424] AH02477: mod_proxy must be loaded for mod_proxy_http
[Sun May 25 16:21:36.871795 2025] [:emerg] [pid 20816:tid 424] AH00020: Configuration Failed, exiting
Starting the 'Apache2.4' service
The 'Apache2.4' service is running.
ore:warn] [pid 21900:tid 448] AH00098: pid file C:/Apache24/logs/httpd.pid overwritten -- Unclean shutdown of previous Apache run?
[Sun May 25 16:21:49.337671 2025] [proxy_http:emerg] [pid 21900:tid 448] AH02477: mod_proxy must be loaded for mod_proxy_http
[Sun May 25 16:21:49.337671 2025] [:emerg] [pid 21900:tid 448] AH00020: Configuration Failed, exiting
Starting the 'Apache2.4' service
The 'Apache2.4' service is running.
ore:warn] [pid 10648:tid 448] AH00098: pid file C:/Apache24/logs/httpd.pid overwritten -- Unclean shutdown of previous Apache run?
[Sun May 25 16:22:23.823972 2025] [proxy_http:emerg] [pid 10648:tid 448] AH02477: mod_proxy must be loaded for mod_proxy_http
[Sun May 25 16:22:23.823972 2025] [:emerg] [pid 10648:tid 448] AH00020: Configuration Failed, exiting
Starting the 'Apache2.4' service
The 'Apache2.4' service is running.
ore:warn] [pid 21708:tid 448] AH00098: pid file C:/Apache24/logs/httpd.pid overwritten -- Unclean shutdown of previous Apache run?
[Sun May 25 16:23:21.768388 2025] [proxy_http:emerg] [pid 21708:tid 448] AH02477: mod_proxy must be loaded for mod_proxy_http
[Sun May 25 16:23:21.768388 2025] [:emerg] [pid 21708:tid 448] AH00020: Configuration Failed, exiting
Starting the 'Apache2.4' service
The 'Apache2.4' service is running.
ore:warn] [pid 5648:tid 424] AH00098: pid file C:/Apache24/logs/httpd.pid overwritten -- Unclean shutdown of previous Apache run?
[Sun May 25 16:26:34.712677 2025] [ssl:warn] [pid 5648:tid 424] AH01873: Init: Session Cache is not configured [hint: SSLSessionCache]
[Sun May 25 16:26:34.712677 2025] [mpm_winnt:notice] [pid 5648:tid 424] AH00455: Apache/2.4.63 (Win64) OpenSSL/3.3.2 configured -- resuming normal operations
[Sun May 25 16:26:34.712677 2025] [mpm_winnt:notice] [pid 5648:tid 424] AH00456: Apache Lounge VS17 Server built: Feb  3 2025 10:10:51
[Sun May 25 16:26:34.712677 2025] [core:notice] [pid 5648:tid 424] AH00094: Command line: 'C:\\Apache24\\bin\\httpd.exe -d C:/Apache24'
[Sun May 25 16:26:34.715709 2025] [mpm_winnt:notice] [pid 5648:tid 424] AH00418: Parent: Created child process 20700
[Sun May 25 16:26:35.049999 2025] [ssl:warn] [pid 20700:tid 468] AH01873: Init: Session Cache is not configured [hint: SSLSessionCache]
[Sun May 25 16:26:35.053338 2025] [mpm_winnt:notice] [pid 20700:tid 468] AH00354: Child: Starting 64 worker threads.
[Sun May 25 16:37:47.022465 2025] [mpm_winnt:notice] [pid 5648:tid 424] AH00422: Parent: Received shutdown signal -- Shutting down the server.
[Sun May 25 16:37:49.045136 2025] [mpm_winnt:notice] [pid 20700:tid 468] AH00364: Child: All worker threads have exited.
[Sun May 25 16:37:49.066040 2025] [mpm_winnt:notice] [pid 5648:tid 424] AH00430: Parent: Child process 20700 exited successfully.
[Sun May 25 16:37:52.539423 2025] [ssl:warn] [pid 24556:tid 424] AH01873: Init: Session Cache is not configured [hint: SSLSessionCache]
[Sun May 25 16:37:52.540423 2025] [mpm_winnt:notice] [pid 24556:tid 424] AH00455: Apache/2.4.63 (Win64) OpenSSL/3.3.2 configured -- resuming normal operations
[Sun May 25 16:37:52.540423 2025] [mpm_winnt:notice] [pid 24556:tid 424] AH00456: Apache Lounge VS17 Server built: Feb  3 2025 10:10:51
[Sun May 25 16:37:52.540423 2025] [core:notice] [pid 24556:tid 424] AH00094: Command line: 'C:\\Apache24\\bin\\httpd.exe -d C:/Apache24'
[Sun May 25 16:37:52.543418 2025] [mpm_winnt:notice] [pid 24556:tid 424] AH00418: Parent: Created child process 17500
[Sun May 25 16:37:52.877083 2025] [ssl:warn] [pid 17500:tid 440] AH01873: Init: Session Cache is not configured [hint: SSLSessionCache]
[Sun May 25 16:37:52.880086 2025] [mpm_winnt:notice] [pid 17500:tid 440] AH00354: Child: Starting 64 worker threads.
[Sun May 25 16:46:03.591957 2025] [mpm_winnt:notice] [pid 24556:tid 424] AH00422: Parent: Received shutdown signal -- Shutting down the server.
[Sun May 25 16:46:05.614219 2025] [mpm_winnt:notice] [pid 17500:tid 440] AH00364: Child: All worker threads have exited.
[Sun May 25 16:46:05.633110 2025] [mpm_winnt:notice] [pid 24556:tid 424] AH00430: Parent: Child process 17500 exited successfully.
The 'Apache2.4' service is restarting.
Starting the 'Apache2.4' service
The 'Apache2.4' service is running.
sl:warn] [pid 25120:tid 460] AH01873: Init: Session Cache is not configured [hint: SSLSessionCache]
[Sun May 25 16:49:38.581290 2025] [mpm_winnt:notice] [pid 25120:tid 460] AH00455: Apache/2.4.63 (Win64) OpenSSL/3.3.2 PHP/8.4.7 configured -- resuming normal operations
[Sun May 25 16:49:38.581290 2025] [mpm_winnt:notice] [pid 25120:tid 460] AH00456: Apache Lounge VS17 Server built: Feb  3 2025 10:10:51
[Sun May 25 16:49:38.581290 2025] [core:notice] [pid 25120:tid 460] AH00094: Command line: 'C:\\Apache24\\bin\\httpd.exe -d C:/Apache24'
[Sun May 25 16:49:38.584285 2025] [mpm_winnt:notice] [pid 25120:tid 460] AH00418: Parent: Created child process 18960
[Sun May 25 16:49:38.923124 2025] [ssl:warn] [pid 18960:tid 456] AH01873: Init: Session Cache is not configured [hint: SSLSessionCache]
[Sun May 25 16:49:38.944130 2025] [mpm_winnt:notice] [pid 18960:tid 456] AH00354: Child: Starting 64 worker threads.
The 'Apache2.4' service is restarting.
The 'Apache2.4' service has restarted.
winnt:notice] [pid 25120:tid 460] AH00424: Parent: Received restart signal -- Restarting the server.
[Sun May 25 16:57:47.565142 2025] [ssl:warn] [pid 25120:tid 460] AH01873: Init: Session Cache is not configured [hint: SSLSessionCache]
PHP Warning:  PHP Startup: Unable to load dynamic library 'pdo_sqlite' (tried: ./ext\\pdo_sqlite (The specified module could not be found), ./ext\\php_pdo_sqlite.dll (The specified module could not be found)) in Unknown on line 0
PHP Warning:  PHP Startup: Unable to load dynamic library 'sqlite3' (tried: ./ext\\sqlite3 (The specified module could not be found), ./ext\\php_sqlite3.dll (The specified module could not be found)) in Unknown on line 0
[Sun May 25 16:57:47.584177 2025] [mpm_winnt:notice] [pid 25120:tid 460] AH00455: Apache/2.4.63 (Win64) OpenSSL/3.3.2 PHP/8.4.7 configured -- resuming normal operations
[Sun May 25 16:57:47.584177 2025] [mpm_winnt:notice] [pid 25120:tid 460] AH00456: Apache Lounge VS17 Server built: Feb  3 2025 10:10:51
[Sun May 25 16:57:47.584177 2025] [core:notice] [pid 25120:tid 460] AH00094: Command line: 'C:\\Apache24\\bin\\httpd.exe -d C:/Apache24'
[Sun May 25 16:57:47.586142 2025] [mpm_winnt:notice] [pid 25120:tid 460] AH00418: Parent: Created child process 25252
[Sun May 25 16:57:47.939142 2025] [ssl:warn] [pid 25252:tid 440] AH01873: Init: Session Cache is not configured [hint: SSLSessionCache]
PHP Warning:  PHP Startup: Unable to load dynamic library 'pdo_sqlite' (tried: ./ext\\pdo_sqlite (The specified module could not be found), ./ext\\php_pdo_sqlite.dll (The specified module could not be found)) in Unknown on line 0
PHP Warning:  PHP Startup: Unable to load dynamic library 'sqlite3' (tried: ./ext\\sqlite3 (The specified module could not be found), ./ext\\php_sqlite3.dll (The specified module could not be found)) in Unknown on line 0
[Sun May 25 16:57:48.555300 2025] [mpm_winnt:notice] [pid 25252:tid 440] AH00354: Child: Starting 64 worker threads.
[Sun May 25 16:57:49.559968 2025] [mpm_winnt:notice] [pid 18960:tid 456] AH00364: Child: All worker threads have exited.
The 'Apache2.4' service is restarting.
The 'Apache2.4' service has restarted.
winnt:notice] [pid 25120:tid 460] AH00424: Parent: Received restart signal -- Restarting the server.
[Sun May 25 17:03:07.064154 2025] [ssl:warn] [pid 25120:tid 460] AH01873: Init: Session Cache is not configured [hint: SSLSessionCache]
PHP Warning:  PHP Startup: Unable to load dynamic library 'pdo_sqlite' (tried: C:/Program Files/PHP/ext\\pdo_sqlite (The specified module could not be found), C:/Program Files/PHP/ext\\php_pdo_sqlite.dll (The specified module could not be found)) in Unknown on line 0
PHP Warning:  PHP Startup: Unable to load dynamic library 'sqlite3' (tried: C:/Program Files/PHP/ext\\sqlite3 (The specified module could not be found), C:/Program Files/PHP/ext\\php_sqlite3.dll (The specified module could not be found)) in Unknown on line 0
[Sun May 25 17:03:07.132190 2025] [mpm_winnt:notice] [pid 25120:tid 460] AH00455: Apache/2.4.63 (Win64) OpenSSL/3.3.2 PHP/8.4.7 configured -- resuming normal operations
[Sun May 25 17:03:07.132190 2025] [mpm_winnt:notice] [pid 25120:tid 460] AH00456: Apache Lounge VS17 Server built: Feb  3 2025 10:10:51
[Sun May 25 17:03:07.132190 2025] [core:notice] [pid 25120:tid 460] AH00094: Command line: 'C:\\Apache24\\bin\\httpd.exe -d C:/Apache24'
[Sun May 25 17:03:07.134187 2025] [mpm_winnt:notice] [pid 25120:tid 460] AH00418: Parent: Created child process 26212
[Sun May 25 17:03:07.488343 2025] [ssl:warn] [pid 26212:tid 440] AH01873: Init: Session Cache is not configured [hint: SSLSessionCache]
PHP Warning:  PHP Startup: Unable to load dynamic library 'pdo_sqlite' (tried: C:/Program Files/PHP/ext\\pdo_sqlite (The specified module could not be found), C:/Program Files/PHP/ext\\php_pdo_sqlite.dll (The specified module could not be found)) in Unknown on line 0
PHP Warning:  PHP Startup: Unable to load dynamic library 'sqlite3' (tried: C:/Program Files/PHP/ext\\sqlite3 (The specified module could not be found), C:/Program Files/PHP/ext\\php_sqlite3.dll (The specified module could not be found)) in Unknown on line 0
[Sun May 25 17:03:08.054397 2025] [mpm_winnt:notice] [pid 26212:tid 440] AH00354: Child: Starting 64 worker threads.
[Sun May 25 17:03:09.061043 2025] [mpm_winnt:notice] [pid 25252:tid 440] AH00364: Child: All worker threads have exited.
[Sun May 25 17:07:11.050382 2025] [mpm_winnt:notice] [pid 25120:tid 460] AH00422: Parent: Received shutdown signal -- Shutting down the server.
[Sun May 25 17:07:13.066988 2025] [mpm_winnt:notice] [pid 26212:tid 440] AH00364: Child: All worker threads have exited.
[Sun May 25 17:07:13.086474 2025] [mpm_winnt:notice] [pid 25120:tid 460] AH00430: Parent: Child process 26212 exited successfully.
[Sun May 25 17:07:21.027849 2025] [ssl:warn] [pid 21984:tid 424] AH01873: Init: Session Cache is not configured [hint: SSLSessionCache]
PHP Warning:  PHP Startup: Unable to load dynamic library 'pdo_sqlite' (tried: C:/Program Files/PHP/ext\\pdo_sqlite (The specified module could not be found), C:/Program Files/PHP/ext\\php_pdo_sqlite.dll (The specified module could not be found)) in Unknown on line 0
PHP Warning:  PHP Startup: Unable to load dynamic library 'sqlite3' (tried: C:/Program Files/PHP/ext\\sqlite3 (The specified module could not be found), C:/Program Files/PHP/ext\\php_sqlite3.dll (The specified module could not be found)) in Unknown on line 0
[Sun May 25 17:07:21.050874 2025] [mpm_winnt:notice] [pid 21984:tid 424] AH00455: Apache/2.4.63 (Win64) OpenSSL/3.3.2 PHP/8.4.7 configured -- resuming normal operations
[Sun May 25 17:07:21.050874 2025] [mpm_winnt:notice] [pid 21984:tid 424] AH00456: Apache Lounge VS17 Server built: Feb  3 2025 10:10:51
[Sun May 25 17:07:21.050874 2025] [core:notice] [pid 21984:tid 424] AH00094: Command line: 'C:\\Apache24\\bin\\httpd.exe -d C:/Apache24'
[Sun May 25 17:07:21.053875 2025] [mpm_winnt:notice] [pid 21984:tid 424] AH00418: Parent: Created child process 25712
[Sun May 25 17:07:21.391059 2025] [ssl:warn] [pid 25712:tid 456] AH01873: Init: Session Cache is not configured [hint: SSLSessionCache]
PHP Warning:  PHP Startup: Unable to load dynamic library 'pdo_sqlite' (tried: C:/Program Files/PHP/ext\\pdo_sqlite (The specified module could not be found), C:/Program Files/PHP/ext\\php_pdo_sqlite.dll (The specified module could not be found)) in Unknown on line 0
PHP Warning:  PHP Startup: Unable to load dynamic library 'sqlite3' (tried: C:/Program Files/PHP/ext\\sqlite3 (The specified module could not be found), C:/Program Files/PHP/ext\\php_sqlite3.dll (The specified module could not be found)) in Unknown on line 0
[Sun May 25 17:07:21.416059 2025] [mpm_winnt:notice] [pid 25712:tid 456] AH00354: Child: Starting 64 worker threads.
The 'Apache2.4' service is restarting.
The 'Apache2.4' service has restarted.
winnt:notice] [pid 21984:tid 424] AH00424: Parent: Received restart signal -- Restarting the server.
[Sun May 25 17:09:24.480199 2025] [ssl:warn] [pid 21984:tid 424] AH01873: Init: Session Cache is not configured [hint: SSLSessionCache]
PHP Warning:  PHP Startup: Unable to load dynamic library 'pdo_sqlite' (tried: C:\\Program Files\\PHP\\ext\\pdo_sqlite (The specified module could not be found), C:\\Program Files\\PHP\\ext\\php_pdo_sqlite.dll (The specified module could not be found)) in Unknown on line 0
PHP Warning:  PHP Startup: Unable to load dynamic library 'sqlite3' (tried: C:\\Program Files\\PHP\\ext\\sqlite3 (The specified module could not be found), C:\\Program Files\\PHP\\ext\\php_sqlite3.dll (The specified module could not be found)) in Unknown on line 0
[Sun May 25 17:09:24.497173 2025] [mpm_winnt:notice] [pid 21984:tid 424] AH00455: Apache/2.4.63 (Win64) OpenSSL/3.3.2 PHP/8.4.7 configured -- resuming normal operations
[Sun May 25 17:09:24.497173 2025] [mpm_winnt:notice] [pid 21984:tid 424] AH00456: Apache Lounge VS17 Server built: Feb  3 2025 10:10:51
[Sun May 25 17:09:24.497173 2025] [core:notice] [pid 21984:tid 424] AH00094: Command line: 'C:\\Apache24\\bin\\httpd.exe -d C:/Apache24'
[Sun May 25 17:09:24.499180 2025] [mpm_winnt:notice] [pid 21984:tid 424] AH00418: Parent: Created child process 23124
[Sun May 25 17:09:24.954227 2025] [ssl:warn] [pid 23124:tid 196] AH01873: Init: Session Cache is not configured [hint: SSLSessionCache]
PHP Warning:  PHP Startup: Unable to load dynamic library 'pdo_sqlite' (tried: C:\\Program Files\\PHP\\ext\\pdo_sqlite (The specified module could not be found), C:\\Program Files\\PHP\\ext\\php_pdo_sqlite.dll (The specified module could not be found)) in Unknown on line 0
PHP Warning:  PHP Startup: Unable to load dynamic library 'sqlite3' (tried: C:\\Program Files\\PHP\\ext\\sqlite3 (The specified module could not be found), C:\\Program Files\\PHP\\ext\\php_sqlite3.dll (The specified module could not be found)) in Unknown on line 0
[Sun May 25 17:09:25.465210 2025] [mpm_winnt:notice] [pid 23124:tid 196] AH00354: Child: Starting 64 worker threads.
[Sun May 25 17:09:26.478973 2025] [mpm_winnt:notice] [pid 25712:tid 456] AH00364: Child: All worker threads have exited.
The 'Apache2.4' service is restarting.
The 'Apache2.4' service has restarted.
winnt:notice] [pid 21984:tid 424] AH00424: Parent: Received restart signal -- Restarting the server.
[Sun May 25 17:11:41.629199 2025] [ssl:warn] [pid 21984:tid 424] AH01873: Init: Session Cache is not configured [hint: SSLSessionCache]
PHP Warning:  PHP Startup: Unable to load dynamic library 'pdo_sqlite' (tried: ext\\pdo_sqlite (The specified module could not be found), ext\\php_pdo_sqlite.dll (The specified module could not be found)) in Unknown on line 0
PHP Warning:  PHP Startup: Unable to load dynamic library 'sqlite3' (tried: ext\\sqlite3 (The specified module could not be found), ext\\php_sqlite3.dll (The specified module could not be found)) in Unknown on line 0
[Sun May 25 17:11:41.646133 2025] [mpm_winnt:notice] [pid 21984:tid 424] AH00455: Apache/2.4.63 (Win64) OpenSSL/3.3.2 PHP/8.4.7 configured -- resuming normal operations
[Sun May 25 17:11:41.646133 2025] [mpm_winnt:notice] [pid 21984:tid 424] AH00456: Apache Lounge VS17 Server built: Feb  3 2025 10:10:51
[Sun May 25 17:11:41.646133 2025] [core:notice] [pid 21984:tid 424] AH00094: Command line: 'C:\\Apache24\\bin\\httpd.exe -d C:/Apache24'
[Sun May 25 17:11:41.648133 2025] [mpm_winnt:notice] [pid 21984:tid 424] AH00418: Parent: Created child process 16712
[Sun May 25 17:11:42.111107 2025] [ssl:warn] [pid 16712:tid 440] AH01873: Init: Session Cache is not configured [hint: SSLSessionCache]
PHP Warning:  PHP Startup: Unable to load dynamic library 'pdo_sqlite' (tried: ext\\pdo_sqlite (The specified module could not be found), ext\\php_pdo_sqlite.dll (The specified module could not be found)) in Unknown on line 0
PHP Warning:  PHP Startup: Unable to load dynamic library 'sqlite3' (tried: ext\\sqlite3 (The specified module could not be found), ext\\php_sqlite3.dll (The specified module could not be found)) in Unknown on line 0
[Sun May 25 17:11:42.613367 2025] [mpm_winnt:notice] [pid 16712:tid 440] AH00354: Child: Starting 64 worker threads.
[Sun May 25 17:11:43.617807 2025] [mpm_winnt:notice] [pid 23124:tid 196] AH00364: Child: All worker threads have exited.
The 'Apache2.4' service is restarting.
The 'Apache2.4' service has restarted.
winnt:notice] [pid 21984:tid 424] AH00424: Parent: Received restart signal -- Restarting the server.
[Sun May 25 17:12:37.433140 2025] [ssl:warn] [pid 21984:tid 424] AH01873: Init: Session Cache is not configured [hint: SSLSessionCache]
PHP Warning:  PHP Startup: Unable to load dynamic library 'pdo_sqlite' (tried: C:/Program Files/PHP/ext\\pdo_sqlite (The specified module could not be found), C:/Program Files/PHP/ext\\php_pdo_sqlite.dll (The specified module could not be found)) in Unknown on line 0
PHP Warning:  PHP Startup: Unable to load dynamic library 'sqlite3' (tried: C:/Program Files/PHP/ext\\sqlite3 (The specified module could not be found), C:/Program Files/PHP/ext\\php_sqlite3.dll (The specified module could not be found)) in Unknown on line 0
[Sun May 25 17:12:37.449108 2025] [mpm_winnt:notice] [pid 21984:tid 424] AH00455: Apache/2.4.63 (Win64) OpenSSL/3.3.2 PHP/8.4.7 configured -- resuming normal operations
[Sun May 25 17:12:37.449108 2025] [mpm_winnt:notice] [pid 21984:tid 424] AH00456: Apache Lounge VS17 Server built: Feb  3 2025 10:10:51
[Sun May 25 17:12:37.449108 2025] [core:notice] [pid 21984:tid 424] AH00094: Command line: 'C:\\Apache24\\bin\\httpd.exe -d C:/Apache24'
[Sun May 25 17:12:37.451108 2025] [mpm_winnt:notice] [pid 21984:tid 424] AH00418: Parent: Created child process 25276
[Sun May 25 17:12:37.814956 2025] [ssl:warn] [pid 25276:tid 504] AH01873: Init: Session Cache is not configured [hint: SSLSessionCache]
PHP Warning:  PHP Startup: Unable to load dynamic library 'pdo_sqlite' (tried: C:/Program Files/PHP/ext\\pdo_sqlite (The specified module could not be found), C:/Program Files/PHP/ext\\php_pdo_sqlite.dll (The specified module could not be found)) in Unknown on line 0
PHP Warning:  PHP Startup: Unable to load dynamic library 'sqlite3' (tried: C:/Program Files/PHP/ext\\sqlite3 (The specified module could not be found), C:/Program Files/PHP/ext\\php_sqlite3.dll (The specified module could not be found)) in Unknown on line 0
[Sun May 25 17:12:38.418789 2025] [mpm_winnt:notice] [pid 25276:tid 504] AH00354: Child: Starting 64 worker threads.
[Sun May 25 17:12:42.622809 2025] [mpm_winnt:notice] [pid 16712:tid 440] AH00364: Child: All worker threads have exited.
[Sun May 25 17:16:03.003020 2025] [mpm_winnt:notice] [pid 21984:tid 424] AH00422: Parent: Received shutdown signal -- Shutting down the server.
[Sun May 25 17:16:05.006134 2025] [mpm_winnt:notice] [pid 25276:tid 504] AH00364: Child: All worker threads have exited.
[Sun May 25 17:16:05.025887 2025] [mpm_winnt:notice] [pid 21984:tid 424] AH00430: Parent: Child process 25276 exited successfully.
[Sun May 25 17:16:05.907709 2025] [ssl:warn] [pid 18452:tid 424] AH01873: Init: Session Cache is not configured [hint: SSLSessionCache]
[Sun May 25 17:16:05.929701 2025] [mpm_winnt:notice] [pid 18452:tid 424] AH00455: Apache/2.4.63 (Win64) OpenSSL/3.3.2 PHP/8.4.7 configured -- resuming normal operations
[Sun May 25 17:16:05.929701 2025] [mpm_winnt:notice] [pid 18452:tid 424] AH00456: Apache Lounge VS17 Server built: Feb  3 2025 10:10:51
[Sun May 25 17:16:05.929701 2025] [core:notice] [pid 18452:tid 424] AH00094: Command line: 'C:\\Apache24\\bin\\httpd.exe -d C:/Apache24'
[Sun May 25 17:16:05.932701 2025] [mpm_winnt:notice] [pid 18452:tid 424] AH00418: Parent: Created child process 17016
[Sun May 25 17:16:06.279701 2025] [ssl:warn] [pid 17016:tid 440] AH01873: Init: Session Cache is not configured [hint: SSLSessionCache]
[Sun May 25 17:16:06.303701 2025] [mpm_winnt:notice] [pid 17016:tid 440] AH00354: Child: Starting 64 worker threads.
[Sun May 25 17:24:21.653723 2025] [mpm_winnt:notice] [pid 18452:tid 424] AH00422: Parent: Received shutdown signal -- Shutting down the server.
[Sun May 25 17:24:23.679256 2025] [mpm_winnt:notice] [pid 17016:tid 440] AH00364: Child: All worker threads have exited.
[Sun May 25 17:24:23.717849 2025] [mpm_winnt:notice] [pid 18452:tid 424] AH00430: Parent: Child process 17016 exited successfully.
[Sun May 25 17:24:24.575886 2025] [ssl:warn] [pid 27992:tid 432] AH01873: Init: Session Cache is not configured [hint: SSLSessionCache]
[Sun May 25 17:24:24.596902 2025] [mpm_winnt:notice] [pid 27992:tid 432] AH00455: Apache/2.4.63 (Win64) OpenSSL/3.3.2 PHP/8.4.7 configured -- resuming normal operations
[Sun May 25 17:24:24.596902 2025] [mpm_winnt:notice] [pid 27992:tid 432] AH00456: Apache Lounge VS17 Server built: Feb  3 2025 10:10:51
[Sun May 25 17:24:24.596902 2025] [core:notice] [pid 27992:tid 432] AH00094: Command line: 'C:\\Apache24\\bin\\httpd.exe -d C:/Apache24'
[Sun May 25 17:24:24.600904 2025] [mpm_winnt:notice] [pid 27992:tid 432] AH00418: Parent: Created child process 13924
[Sun May 25 17:24:24.947793 2025] [ssl:warn] [pid 13924:tid 440] AH01873: Init: Session Cache is not configured [hint: SSLSessionCache]
[Sun May 25 17:24:24.973342 2025] [mpm_winnt:notice] [pid 13924:tid 440] AH00354: Child: Starting 64 worker threads.
